<?xml version="1.0" encoding="UTF-8"?>
<!-- Generated by org.testng.reporters.JUnitReportReporter -->
<testsuite skipped="0" hostname="MorsVinciOmnia" name="com.MavenTestNG.BaseClass" tests="1" failures="0" timestamp="29 Dec 2018 15:50:42 GMT" time="4.815" errors="0">
  <testcase name="setup" time="4.815" classname="com.MavenTestNG.BaseClass"/>
</testsuite> <!-- com.MavenTestNG.BaseClass -->
